<?xml version="1.0" encoding="UTF-8"?>
<!-- Generated by org.testng.reporters.JUnitReportReporter -->
<testsuite hostname="Declans-Air" failures="0" tests="1" name="tests.loginPage.TC002_ForgottenPasswordTest" time="7.372" errors="0" timestamp="2022-08-08T11:15:27 BST" skipped="0">
  <testcase classname="tests.loginPage.TC002_ForgottenPasswordTest" name="testingForgottenPassword" time="7.372"/>
  <system-out/>
</testsuite> <!-- tests.loginPage.TC002_ForgottenPasswordTest -->
