<?xml version="1.0" encoding="UTF-8"?>
<!-- Generated by org.testng.reporters.JUnitReportReporter -->
<testsuite hostname="Declans-Air" failures="0" tests="1" name="tests.loginPage.TC001_TestLogin" time="0.574" errors="0" timestamp="2022-08-08T10:39:47 BST" skipped="0">
  <testcase classname="tests.loginPage.TC001_TestLogin" name="testingLogin" time="0.574"/>
  <system-out/>
</testsuite> <!-- tests.loginPage.TC001_TestLogin -->
